90 0.1 1.01022 0.997139 0 0.0997147 0 
120 0.1 1.01281 0.998584 0.998672 0.0998585 0.0354996 
150 0.1 1.01024 0.999202 0.999301 0.0999203 0.0794476 
180 0.1 1.01477 0.999514 0.999572 0.0999515 0.0881989 
210 0.1 1.01128 0.99969 0.999765 0.099969 0.0927838 
240 0.1 1.01393 0.999796 0.99986 0.0999796 0.0954665 
270 0.1 1.01164 0.999863 0.999888 0.0999863 0.0971429 
300 0.1 1.01287 0.999909 0.999951 0.0999908 0.0982393 
330 0.1 1.00943 0.999939 0.999966 0.0999939 0.0989824 
360 0.1 1.01129 0.999961 0.999978 0.0999961 0.0994984 
390 0.1 1.01045 0.999977 0.999989 0.0999977 0.0998652 
90 1 0.982034 0.970784 0 0.97154 0 
120 1 0.998719 0.985716 0.986556 0.985884 0.354996 
150 1 1.00241 0.991995 0.992964 0.992042 0.794476 
180 1 1.00785 0.99514 0.995916 0.995155 0.881989 
210 1 1.00999 0.996899 0.997502 0.996903 0.927838 
240 1 1.00846 0.997961 0.998438 0.997961 0.954665 
270 1 1.01076 0.998637 0.99903 0.998637 0.971429 
300 1 1.01173 0.999087 0.999382 0.999087 0.982393 
330 1 1.01074 0.999397 0.999634 0.999396 0.989824 
360 1 1.01062 0.999614 0.999809 0.999614 0.994984 
390 1 1.01321 0.999771 0.999957 0.99977 0.998652 
90 5 0.814684 0.835204 0 4.29275 0 
120 5 0.940339 0.925536 0.929127 4.6502 1.77498 
150 5 0.974867 0.959334 0.964041 4.80269 3.97238 
180 5 0.989217 0.9756 0.979464 4.87979 4.40994 
210 5 0.997532 0.98453 0.987521 4.92314 4.63919 
240 5 1.00384 0.989865 0.992192 4.94939 4.77332 
270 5 1.00666 0.993248 0.995081 4.96616 4.85715 
300 5 1.00984 0.99549 0.996965 4.97734 4.91196 
330 5 1.00987 0.997026 0.99823 4.98502 4.94912 
360 5 1.01074 0.998107 0.999115 4.99044 4.97492 
390 5 1.01201 0.998884 0.999739 4.99433 4.99326 
90 10 0.0383661 0.61439 0 7.10894 0 
120 10 0.850509 0.84108 0.845841 8.61268 3.54996 
150 10 0.933151 0.916879 0.926019 9.21857 7.94476 
180 10 0.965202 0.950941 0.958476 9.52371 8.81989 
210 10 0.983114 0.969152 0.974986 9.69535 9.27838 
240 10 0.995301 0.979892 0.984423 9.79935 9.54665 
270 10 1.00111 0.986652 0.990229 9.86587 9.71429 
300 10 1.003 0.991112 0.99398 9.9102 9.82393 
330 10 1.00679 0.99416 0.996495 9.9407 9.89824 
360 10 1.00861 0.996301 0.998252 9.96221 9.94984 
390 10 1.01212 0.997837 0.999489 9.9777 9.98652 
90 20 0.0748808 0.0684025 0 1.37419 0 
120 20 0.0629597 0.588829 0.0693743 14.4391 7.09991 
150 20 0.837027 0.824872 0.841883 16.9309 15.8895 
180 20 0.916784 0.900818 0.915119 18.1307 17.6398 
210 20 0.953219 0.93874 0.9498 18.8037 18.5568 
240 20 0.976914 0.960469 0.969058 19.2118 19.0933 
270 20 0.989078 0.973946 0.980705 19.4732 19.4286 
300 20 0.997315 0.982762 0.988252 19.6477 19.6479 
330 20 1.00324 0.988755 0.993245 19.7678 19.7965 
360 20 1.00631 0.992949 0.996729 19.8526 19.8997 
390 20 1.00856 0.99595 0.999176 19.9137 19.973 
90 30 0.110836 0.102356 0 1.42195 0 
120 30 0.0965692 0.0933239 0.103361 10.6199 10.6499 
150 30 0.71498 0.718068 0.740897 23.1979 23.8343 
180 30 0.864744 0.849607 0.869737 25.8733 26.4597 
210 30 0.924827 0.908914 0.924528 27.3582 27.8351 
240 30 0.958261 0.941818 0.953998 28.2589 28.6399 
270 30 0.977638 0.961922 0.971611 28.8366 29.1429 
300 30 0.991921 0.974964 0.982825 29.2225 29.4718 
330 30 0.997947 0.983787 0.990283 29.4886 29.6947 
360 30 1.00357 0.989942 0.995422 29.6766 29.8495 
390 30 1.00841 0.994337 0.99902 29.8121 29.9596 
