115 0.1 1.01106 0.997008 0.996843 0.0997016 0.00560445 
145 0.1 1.01186 0.998306 0.998377 0.0998308 0.0255319 
175 0.1 1.01261 0.998953 0.999092 0.0998954 0.06918 
205 0.1 1.01064 0.999314 0.99942 0.0999315 0.0828067 
235 0.1 1.0142 0.999533 0.999612 0.0999533 0.0887377 
265 0.1 1.01084 0.999673 0.999761 0.0999673 0.0923736 
295 0.1 1.01168 0.999767 0.999838 0.0999767 0.0947502 
325 0.1 1.01231 0.999832 0.999864 0.0999832 0.0963718 
355 0.1 1.01192 0.999879 0.999919 0.0999879 0.0975142 
385 0.1 1.01185 0.999913 0.999934 0.0999913 0.0983387 
415 0.1 1.01323 0.999938 0.999977 0.0999938 0.0989472 
115 1 0.984567 0.969414 0.967086 0.970242 0.0560445 
145 1 0.999595 0.982879 0.983585 0.983124 0.255319 
175 1 1.00425 0.989473 0.990527 0.989558 0.6918 
205 1 1.00803 0.993126 0.99407 0.993159 0.828067 
235 1 1.00887 0.995326 0.996086 0.995338 0.887377 
265 1 1.00936 0.996732 0.99737 0.996737 0.923736 
295 1 1.00905 0.997674 0.998186 0.997675 0.947502 
325 1 1.01142 0.998326 0.998739 0.998326 0.963718 
355 1 1.01413 0.998791 0.99913 0.99879 0.975142 
385 1 1.0114 0.999131 0.999428 0.99913 0.983387 
415 1 1.01206 0.999383 0.999624 0.999382 0.989472 
115 5 0.847835 0.826172 0.0203442 4.26044 0.280223 
145 5 0.935508 0.909682 0.91181 4.58199 1.2766 
175 5 0.969757 0.946036 0.951007 4.74131 3.459 
205 5 0.986243 0.965261 0.969845 4.83041 4.14034 
235 5 0.997105 0.976569 0.980347 4.88439 4.43689 
265 5 1.00021 0.983703 0.98677 4.91905 4.61868 
295 5 1.00471 0.988438 0.990915 4.9423 4.73751 
325 5 1.00658 0.991703 0.993733 4.95846 4.81859 
355 5 1.00864 0.994023 0.995697 4.97 4.87571 
385 5 1.01066 0.995711 0.997117 4.97842 4.91693 
415 5 1.0097 0.996965 0.998156 4.98469 4.94736 
115 10 0.0403936 0.611632 0.0406397 6.97243 0.560445 
145 10 0.84192 0.802479 0.0366346 8.34002 2.55319 
175 10 0.920154 0.888148 0.897491 8.97595 6.918 
205 10 0.956944 0.929524 0.938487 9.32869 8.28067 
235 10 0.975709 0.952989 0.960408 9.54219 8.87377 
265 10 0.989476 0.967519 0.973502 9.67933 9.23736 
295 10 0.997751 0.977058 0.981868 9.77142 9.47502 
325 10 1.00078 0.983592 0.987527 9.83543 9.63718 
355 10 1.00497 0.988214 0.991474 9.88117 9.75142 
385 10 1.00769 0.991569 0.9943 9.9146 9.83387 
415 10 1.00689 0.994053 0.996394 9.93948 9.89472 
115 20 0.0818347 0.0720392 0.0810865 1.35187 1.12089 
145 20 0.0727557 0.570362 0.0728607 13.2565 5.10638 
175 20 0.810212 0.753635 0.769023 15.9698 13.836 
205 20 0.894916 0.854437 0.871277 17.3684 16.5613 
235 20 0.937004 0.905416 0.919409 18.2054 17.7475 
265 20 0.963629 0.935571 0.946876 18.7424 18.4747 
295 20 0.980485 0.954904 0.964022 19.1033 18.95 
325 20 0.990321 0.967963 0.975453 19.3545 19.2744 
355 20 0.998089 0.97712 0.983304 19.5342 19.5028 
385 20 1.00147 0.983726 0.988919 19.6656 19.6677 
415 20 1.00561 0.988599 0.993076 19.7635 19.7894 
115 30 0.118453 0.10778 0.121347 1.40139 1.68134 
145 30 0.108776 0.098707 0.108716 7.59757 7.65957 
175 30 0.636495 0.5486 0.112763 20.9535 20.754 
205 30 0.829469 0.773063 0.796308 24.1905 24.842 
235 30 0.899283 0.857408 0.876984 26.0434 26.6213 
265 30 0.938406 0.904344 0.92019 27.2267 27.7121 
295 30 0.962503 0.933654 0.946515 28.022 28.4251 
325 30 0.977453 0.953174 0.963739 28.5762 28.9115 
355 30 0.988681 0.966747 0.975549 28.9731 29.2542 
385 30 0.997136 0.976486 0.983886 29.2637 29.5016 
415 30 1.00126 0.983642 0.990022 29.4804 29.6842 
