195 0.1 1.01454 0.998172 0 0.0998175 0 
215 0.1 1.00967 0.998592 0 0.0998594 0 
235 0.1 1.00962 0.998897 0.998886 0.0998898 0.0299025 
255 0.1 1.0116 0.999123 0.999158 0.0999124 0.0581575 
275 0.1 1.00991 0.999295 0.999346 0.0999295 0.0805791 
295 0.1 1.01494 0.999428 0.999466 0.0999428 0.0847059 
315 0.1 1.00966 0.999532 0.999572 0.0999532 0.0877307 
335 0.1 1.01652 0.999615 0.999665 0.0999615 0.0900335 
355 0.1 1.01507 0.999682 0.999713 0.0999682 0.0918274 
375 0.1 1.00757 0.999736 0.999789 0.0999736 0.0932512 
395 0.1 1.01048 0.99978 0.999826 0.099978 0.0943969 
195 1 0.988978 0.981474 0 0.98178 0 
215 1 1.00103 0.985782 0 0.985958 0 
235 1 1.00427 0.988887 0.988878 0.988992 0.299025 
255 1 1.00332 0.991186 0.991559 0.991249 0.581575 
275 1 1.00703 0.992925 0.993407 0.992964 0.805791 
295 1 1.00794 0.994265 0.994798 0.99429 0.847059 
315 1 1.00823 0.995315 0.995819 0.99533 0.877307 
335 1 1.01259 0.996148 0.996573 0.996158 0.900335 
355 1 1.00811 0.996817 0.997207 0.996823 0.918274 
375 1 1.01145 0.99736 0.997676 0.997363 0.932512 
395 1 1.01078 0.997804 0.998098 0.997806 0.943969 
195 5 0.912407 0.900766 0 4.5469 0 
215 5 0.945713 0.925416 0 4.65099 0 
235 5 0.958504 0.942509 0.941946 4.72642 1.49513 
255 5 0.971629 0.954842 0.956409 4.78251 2.90787 
275 5 0.985026 0.964007 0.966331 4.82511 4.02896 
295 5 0.988957 0.97098 0.973482 4.85804 4.2353 
315 5 0.997259 0.976387 0.978777 4.88389 4.38653 
335 5 0.998091 0.980647 0.982804 4.90445 4.50168 
355 5 1.00323 0.984048 0.98593 4.92098 4.59137 
375 5 1.00279 0.986795 0.988398 4.93442 4.66256 
395 5 1.00572 0.989037 0.990385 4.94543 4.71984 
195 10 0.707212 0.775602 0 8.18681 0 
215 10 0.857203 0.839095 0 8.6097 0 
235 10 0.911299 0.879098 0.875724 8.91206 2.99025 
255 10 0.934473 0.906529 0.908977 9.13569 5.81575 
275 10 0.955332 0.926293 0.930702 9.30514 8.05791 
295 10 0.968677 0.941022 0.945887 9.436 8.47059 
315 10 0.977658 0.952279 0.956938 9.53867 8.77307 
335 10 0.987451 0.961055 0.965252 9.62032 9.00335 
355 10 0.991368 0.968006 0.971667 9.686 9.18274 
375 10 0.993663 0.973587 0.976715 9.73937 9.32512 
395 10 0.996805 0.978119 0.980728 9.78313 9.43969 
195 20 0.337293 0.041857 0 1.78087 0 
215 20 0.269484 0.535659 0 14.3268 0 
235 20 0.770632 0.719064 0.0410507 15.6607 5.9805 
255 20 0.849521 0.795738 0.795847 16.5746 11.6315 
275 20 0.89298 0.844044 0.85152 17.2529 16.1158 
295 20 0.920294 0.877684 0.886771 17.7724 16.9412 
315 20 0.944741 0.902365 0.911248 18.1786 17.5461 
335 20 0.955249 0.921093 0.929092 18.5011 18.0067 
355 20 0.966137 0.935652 0.942591 18.7603 18.3655 
375 20 0.976739 0.94718 0.95309 18.971 18.6502 
395 20 0.982679 0.956444 0.961353 19.1437 18.8794 
195 30 0.242161 0.0626994 0 1.81851 0 
215 30 0.0661779 0.0600968 0 4.62362 0 
235 30 0.0655031 0.579951 0.0614142 20.0721 8.97076 
255 30 0.723746 0.643555 0.0614033 22.2889 17.4472 
275 30 0.824326 0.747572 0.755405 23.8696 24.1737 
295 30 0.873347 0.808273 0.820712 25.0441 25.4118 
315 30 0.902291 0.849732 0.862219 25.9526 26.3192 
335 30 0.926773 0.879988 0.891295 26.6708 27.0101 
355 30 0.947774 0.902942 0.912749 27.2471 27.5482 
375 30 0.957629 0.920822 0.929106 27.715 27.9753 
395 30 0.972215 0.935023 0.941855 28.0986 28.3191 
