20 0.1 1.00319 0.990912 0.991014 0.0990983 0.00512053 
60 0.1 1.01234 0.99926 0 0.099926 0 
100 0.1 1.01609 0.999824 0.999984 0.0999824 0.099619 
140 0.1 1.01471 0.999955 1.00008 0.0999955 0.101668 
180 0.1 1.01189 1 1.00005 0.1 0.102069 
220 0.1 1.01206 1.00002 1.00008 0.100002 0.10206 
260 0.1 1.0109 1.00003 1.00005 0.100003 0.101939 
300 0.1 1.01124 1.00003 1.00007 0.100003 0.101793 
340 0.1 1.00899 1.00003 1.00005 0.100003 0.101649 
380 0.1 1.01251 1.00003 1.00004 0.100003 0.101516 
420 0.1 1.0138 1.00003 1.00006 0.100003 0.101398 
20 1 0.924293 0.902531 0.0172331 0.9106 0.0512053 
60 1 1.007 0.992629 0 0.992642 0 
100 1 1.01339 0.998255 0.999789 0.998248 0.99619 
140 1 1.0119 0.99956 1.00052 0.999556 1.01668 
180 1 1.01473 1 1.00066 1 1.02069 
220 1 1.01284 1.00018 1.00069 1.00018 1.0206 
260 1 1.01151 1.00026 1.00066 1.00026 1.01939 
300 1 1.01143 1.00029 1.0006 1.00029 1.01793 
340 1 1.01297 1.0003 1.00056 1.0003 1.01649 
380 1 1.01347 1.0003 1.00052 1.0003 1.01516 
420 1 1.01378 1.00029 1.00046 1.00029 1.01398 
20 5 0.0943627 0.0681971 0.0855347 0.843127 0.256027 
60 5 0.994968 0.963793 0 4.82023 0 
100 5 1.00851 0.991603 0.999058 4.95717 4.98095 
140 5 1.01361 0.997946 1.00265 4.98928 5.08341 
180 5 1.01424 1.00009 1.00336 5.00021 5.10347 
220 5 1.01713 1.00095 1.0034 5.00459 5.103 
260 5 1.01559 1.00131 1.00319 5.00646 5.09696 
300 5 1.01668 1.00146 1.00296 5.00723 5.08964 
340 5 1.01565 1.0015 1.00272 5.00747 5.08243 
380 5 1.01441 1.00149 1.00252 5.00745 5.07582 
420 5 1.01627 1.00146 1.00232 5.0073 5.06992 
20 10 0.184768 0.135307 0.169613 0.902382 0.512053 
60 10 0.97237 0.929456 0 9.30189 0 
100 10 1.00851 0.984036 0.998363 9.83347 9.9619 
140 10 1.017 0.996254 1.00539 9.95899 10.1668 
180 10 1.01757 1.00036 1.00682 10.0018 10.2069 
220 10 1.0184 1.002 1.00678 10.0189 10.206 
260 10 1.01719 1.00268 1.00643 10.0262 10.1939 
300 10 1.01729 1.00296 1.00592 10.0292 10.1793 
340 10 1.01757 1.00303 1.00547 10.0301 10.1649 
380 10 1.01679 1.00301 1.00504 10.0299 10.1516 
420 10 1.01563 1.00294 1.00464 10.0293 10.1398 
20 20 0.374575 0.266799 0.333998 1.03211 1.02411 
60 20 1.21057 0.868338 0 17.3755 0 
100 20 1.01039 0.971425 0.998034 19.3717 19.9238 
140 20 1.02395 0.993932 1.0113 19.8506 20.3336 
180 20 1.02431 1.00145 1.0138 20.0144 20.4139 
220 20 1.02684 1.00441 1.01369 20.08 20.412 
260 20 1.02608 1.00563 1.01289 20.1076 20.3878 
300 20 1.02486 1.00608 1.01189 20.1186 20.3586 
340 20 1.02334 1.00618 1.01091 20.1216 20.3297 
380 20 1.0236 1.00611 1.01008 20.1208 20.3033 
420 20 1.02032 1.00595 1.00928 20.1181 20.2797 
20 30 0.561479 0.39531 0.494106 1.17842 1.53616 
60 30 1.28589 0.820851 0 24.4747 0 
100 30 1.01372 0.962182 0.999326 28.6694 29.8857 
140 30 1.03165 0.992977 1.01772 29.696 30.5005 
180 30 1.03277 1.00323 1.02103 30.0487 30.6208 
220 30 1.03271 1.00722 1.02068 30.1895 30.618 
260 30 1.03166 1.00881 1.01939 30.2483 30.5817 
300 30 1.02778 1.00937 1.01789 30.271 30.5379 
340 30 1.02761 1.00945 1.01644 30.2768 30.4946 
380 30 1.02792 1.00929 1.01511 30.2742 30.4549 
420 30 1.0286 1.00902 1.01393 30.2675 30.4195 
