77 9.86923 0.989853 0.964783 0 9.51467 0 
100 9.86923 1.00435 0.984223 30 9.70691 0 
200 9.86923 1.01828 1.00133 0 9.88107 0 
77 19.7385 0.961321 0.935496 0 18.3977 0 
100 19.7385 1.00004 0.971712 30 19.1256 0 
200 19.7385 1.02125 1.0032 0 19.7912 0 
77 29.6077 0.941595 0.912801 0 26.7629 0 
100 29.6077 0.994062 0.962482 30 28.3086 0 
200 29.6077 1.03111 1.00556 0 29.7381 0 
77 39.4769 0.921266 0.897039 0 34.719 0 
100 39.4769 0.99398 0.956471 30 37.306 0 
200 39.4769 1.03663 1.0084 0 39.7292 0 
77 49.3462 0.90879 0.888142 0 42.3673 0 
100 49.3462 0.992594 0.953541 30 46.1647 0 
200 49.3462 1.04436 1.01169 0 49.7719 0 
77 59.2154 0.900052 0.885657 0 49.7989 0 
100 59.2154 0.995388 0.953498 30 54.9278 0 
200 59.2154 1.05023 1.0154 0 59.8729 0 
77 69.0846 0.896614 0.888859 0 57.0934 0 
100 69.0846 0.999241 0.956106 30 63.635 0 
200 69.0846 1.05596 1.01951 0 70.0389 0 
77 78.9538 0.897566 0.896901 0 64.319 0 
100 78.9538 0.997564 0.961108 30 72.3225 0 
200 78.9538 1.0622 1.02399 0 80.2764 0 
77 88.8231 0.90127 0.908941 0 71.5328 0 
100 88.8231 1.00616 0.968242 30 81.0228 0 
200 88.8231 1.07139 1.02883 0 90.5917 0 
77 98.6923 0.912593 0.924219 0 78.7822 0 
100 98.6923 1.01486 0.977254 30 89.765 0 
200 98.6923 1.08043 1.034 0 100.99 0 
77 108.562 0.925089 0.942089 0 86.1077 0 
100 108.562 1.02463 0.987907 30 98.5762 0 
200 108.562 1.08479 1.03949 0 111.479 0 
77 118.431 0.942924 0.962023 0 93.5419 0 
100 118.431 1.0356 0.999984 30 107.479 0 
200 118.431 1.09403 1.04526 0 122.062 0 
77 128.3 0.962053 0.983597 0 101.114 0 
100 128.3 1.04545 1.01329 30 116.495 0 
200 128.3 1.10268 1.0513 0 132.744 0 
77 138.169 0.981445 1.00648 0 108.85 0 
100 138.169 1.05948 1.02767 30 125.645 0 
200 138.169 1.10917 1.0576 0 143.533 0 
77 148.038 1.00537 1.0304 0 116.772 0 
100 148.038 1.07512 1.04296 30 134.947 0 
200 148.038 1.11986 1.06414 0 154.431 0 
77 157.908 1.03023 1.05516 0 124.9 0 
100 157.908 1.09001 1.05903 30 144.417 0 
200 157.908 1.12604 1.0709 0 165.446 0 
77 167.777 1.04938 1.08059 0 133.252 0 
100 167.777 1.1031 1.07579 30 154.07 0 
200 167.777 1.13603 1.07787 0 176.58 0 
77 177.646 1.08188 1.10656 0 141.845 0 
100 177.646 1.1216 1.09314 30 163.921 0 
200 177.646 1.14216 1.08503 0 187.839 0 
77 187.515 1.10595 1.13297 0 150.697 0 
100 187.515 1.13714 1.11099 30 173.984 0 
200 187.515 1.15439 1.09238 0 199.227 0 
77 197.385 1.13529 1.15973 0 159.823 0 
100 197.385 1.15754 1.12928 30 184.273 0 
200 197.385 1.16154 1.0999 0 210.75 0 
