5 0.1 0.997412 0.981115 0 0.0981382 0 
35 0.1 1.0108 1.00044 0 0.100044 0 
65 0.1 1.01226 1.00028 0 0.100028 0 
100 0.1 1.01349 1.00018 1.00013 0.100018 0.104514 
130 0.1 1.01249 1.00013 1.00005 0.100013 0.103476 
160 0.1 1.01422 1.0001 1.00006 0.10001 0.102794 
190 0.1 1.01132 1.00008 1.00007 0.100008 0.102317 
220 0.1 1.01033 1.00007 1.00002 0.100007 0.101969 
250 0.1 1.01314 1.00006 1.00003 0.100006 0.101704 
280 0.1 1.01107 1.00005 1.00004 0.100005 0.101498 
310 0.1 1.01377 1.00004 1.00001 0.100004 0.101332 
5 1 0.843777 0.788 0 0.820356 0 
35 1 1.01569 1.00442 0 1.00443 0 
65 1 1.0157 1.00276 0 1.00277 0 
100 1 1.01455 1.00176 1.00147 1.00176 1.04514 
130 1 1.0129 1.0013 1.00118 1.0013 1.03476 
160 1 1.01345 1.00102 1.0009 1.00102 1.02794 
190 1 1.01262 1.00083 1.00078 1.00083 1.02317 
220 1 1.01338 1.00069 1.00063 1.00069 1.01969 
250 1 1.01282 1.00059 1.00057 1.00059 1.01704 
280 1 1.01256 1.00051 1.00048 1.00051 1.01498 
310 1 1.01308 1.00045 1.00044 1.00045 1.01332 
5 5 0.500718 0.326462 0 1.54274 0 
35 5 1.02542 1.02238 0 5.11234 0 
65 5 1.02339 1.01381 0 5.06955 0 
100 5 1.02029 1.0088 1.00741 5.04417 5.2257 
130 5 1.01854 1.00652 1.00572 5.03269 5.1738 
160 5 1.01773 1.0051 1.00459 5.02553 5.13968 
190 5 1.0183 1.00414 1.00382 5.02071 5.11584 
220 5 1.01461 1.00346 1.00326 5.01728 5.09845 
250 5 1.01426 1.00295 1.00284 5.01474 5.08522 
280 5 1.0167 1.00256 1.00248 5.01278 5.0749 
310 5 1.01498 1.00225 1.00221 5.01124 5.06662 
5 10 0.848883 0.576466 0 2.0915 0 
35 10 1.04168 1.04533 0 10.4576 0 
65 10 1.03236 1.02763 0 10.2801 0 
100 10 1.02677 1.01761 1.01479 10.1775 10.4514 
130 10 1.02534 1.01306 1.01149 10.1313 10.3476 
160 10 1.02001 1.01022 1.0092 10.1025 10.2794 
190 10 1.02043 1.0083 1.0077 10.0831 10.2317 
220 10 1.02051 1.00693 1.00656 10.0694 10.1969 
250 10 1.01898 1.00591 1.00569 10.0591 10.1704 
280 10 1.01883 1.00513 1.005 10.0513 10.1498 
310 10 1.01722 1.00451 1.00445 10.0451 10.1332 
5 20 1.45652 1.0323 0 3.59537 0 
35 20 1.0746 1.09251 0 21.8957 0 
65 20 1.05669 1.05527 0 21.1363 0 
100 20 1.04301 1.03527 1.02957 20.7169 20.9028 
130 20 1.03563 1.0262 1.02291 20.5294 20.6952 
160 20 1.03207 1.02052 1.01848 20.413 20.5587 
190 20 1.02954 1.01668 1.01537 20.3348 20.4634 
220 20 1.02826 1.01394 1.01309 20.2791 20.3938 
250 20 1.02508 1.01189 1.01139 20.2379 20.3409 
280 20 1.0242 1.01032 1.01001 20.2062 20.2996 
310 20 1.02119 1.00908 1.00889 20.1812 20.2665 
5 30 2.10777 1.45965 0 5.92791 0 
35 30 1.10992 1.14089 0 34.4111 0 
65 30 1.07653 1.08291 0 32.5929 0 
100 30 1.05854 1.05297 1.04429 31.6286 31.3542 
130 30 1.05014 1.03941 1.03433 31.2008 31.0428 
160 30 1.04227 1.0309 1.02772 30.9359 30.8381 
190 30 1.03602 1.02514 1.02308 30.7582 30.6951 
220 30 1.03488 1.02101 1.01967 30.632 30.5907 
250 30 1.03122 1.01793 1.01706 30.5383 30.5113 
280 30 1.02684 1.01557 1.01503 30.4665 30.4494 
310 30 1.02695 1.01369 1.01339 30.4099 30.3997 
