120 0.1 1.00892 0.997189 0.996854 0.0997197 0.00434758 
150 0.1 1.01083 0.998362 0.998408 0.0998364 0.0231077 
180 0.1 1.00954 0.998963 0.99903 0.0998964 0.0624627 
210 0.1 1.01154 0.999306 0.999417 0.0999307 0.082154 
240 0.1 1.01201 0.999518 0.999606 0.0999518 0.0880595 
270 0.1 1.01168 0.999655 0.999707 0.0999655 0.0917022 
300 0.1 1.01408 0.999748 0.999789 0.0999748 0.0941064 
330 0.1 1.01183 0.999814 0.999855 0.0999814 0.0957649 
360 0.1 1.01183 0.999861 0.999911 0.0999861 0.0969455 
390 0.1 1.01368 0.999896 0.999926 0.0999896 0.0978103 
420 0.1 1.01084 0.999923 0.99994 0.0999923 0.0984552 
120 1 0.981196 0.971296 0.967433 0.972031 0.0434758 
150 1 0.995228 0.983443 0.983702 0.983676 0.231077 
180 1 1.00245 0.989572 0.990432 0.989659 0.624627 
210 1 1.00508 0.993043 0.993904 0.993078 0.82154 
240 1 1.00697 0.995169 0.995899 0.995184 0.880595 
270 1 1.009 0.996549 0.997135 0.996555 0.917022 
300 1 1.01046 0.997485 0.997961 0.997487 0.941064 
330 1 1.01049 0.998141 0.998526 0.998142 0.957649 
360 1 1.01137 0.998615 0.998929 0.998615 0.969455 
390 1 1.01007 0.998964 0.999239 0.998964 0.978103 
420 1 1.01377 0.999227 0.999475 0.999227 0.984552 
120 5 0.0170243 0.838184 0.0176091 4.30434 0.217379 
150 5 0.918068 0.912627 0.912086 4.59512 1.15538 
180 5 0.957022 0.946429 0.950521 4.74349 3.12313 
210 5 0.976986 0.964744 0.968922 4.82822 4.1077 
240 5 0.988895 0.975712 0.979295 4.88043 4.40297 
270 5 0.9965 0.982736 0.98567 4.91445 4.58511 
300 5 0.999868 0.987459 0.989836 4.93757 4.70532 
330 5 1.00277 0.990755 0.992709 4.95384 4.78825 
360 5 1.00659 0.993124 0.994748 4.96558 4.84727 
390 5 1.0093 0.994869 0.996223 4.97427 4.89051 
420 5 1.01046 0.996178 0.997328 4.9808 4.92276 
120 10 0.0323437 0.618781 0.0351858 7.15429 0.434758 
150 10 0.78785 0.808936 0.0313902 8.38964 2.31077 
180 10 0.895721 0.888594 0.895986 8.98287 6.24627 
210 10 0.941794 0.928199 0.936337 9.31898 8.2154 
240 10 0.965115 0.951076 0.95807 9.52583 8.80595 
270 10 0.97839 0.965452 0.971182 9.66062 9.17022 
300 10 0.989001 0.975012 0.979681 9.7523 9.41064 
330 10 0.994745 0.981637 0.985453 9.81681 9.57649 
360 10 0.999059 0.986377 0.989552 9.86343 9.69455 
390 10 1.00121 0.989855 0.99252 9.8979 9.78103 
420 10 1.00542 0.992459 0.994717 9.92385 9.84552 
120 20 0.0648548 0.0623164 0.0702415 1.05819 0.869517 
150 20 0.0578733 0.583753 0.0625465 13.4419 4.62153 
180 20 0.733279 0.751979 0.760999 15.9807 12.4925 
210 20 0.859527 0.850237 0.865353 17.3211 16.4308 
240 20 0.912527 0.900668 0.913904 18.1354 17.6119 
270 20 0.942499 0.930866 0.941799 18.6649 18.3404 
300 20 0.963847 0.950445 0.959329 19.0252 18.8213 
330 20 0.977191 0.963811 0.971161 19.2789 19.153 
360 20 0.987031 0.973283 0.979396 19.4625 19.3891 
390 20 0.991779 0.980188 0.985302 19.5983 19.5621 
420 20 0.999231 0.985336 0.989726 19.7007 19.691 
120 30 0.0984149 0.0932996 0.105173 1.09165 1.30428 
150 30 0.0844348 0.0839763 0.0934834 6.1919 6.9323 
180 30 0.080328 0.519223 0.0913995 20.9019 18.7388 
210 30 0.751532 0.763067 0.783668 24.0604 24.6462 
240 30 0.85413 0.848575 0.867183 25.8747 26.4178 
270 30 0.905311 0.89634 0.911774 27.0462 27.5107 
300 30 0.938196 0.926394 0.939087 27.8427 28.2319 
330 30 0.960342 0.946586 0.95708 28.4039 28.7295 
360 30 0.972055 0.960755 0.969525 28.8103 29.0836 
390 30 0.983452 0.97102 0.978397 29.1113 29.3431 
420 30 0.990726 0.97864 0.984938 29.3382 29.5366 
