77 0.1 1.00524 0.995976 0 0.099599 0 
110 0.1 1.00833 0.998366 0.998526 0.0998368 0.0435275 
140 0.1 1.00876 0.999153 0.999301 0.0999153 0.0792127 
170 0.1 1.0131 0.999523 0.999588 0.0999523 0.0889251 
200 0.1 1.01034 0.99972 0.999789 0.099972 0.0938226 
230 0.1 1.0122 0.999833 0.999884 0.0999833 0.0965843 
260 0.1 1.01243 0.999902 0.999957 0.0999902 0.0982468 
290 0.1 1.0161 0.999946 0.999974 0.0999946 0.0992958 
330 0.1 1.01049 0.999982 1 0.0999982 0.10015 
370 0.1 1.00591 1 1.00003 0.1 0.100649 
410 0.1 1.01281 1.00002 1.00004 0.100002 0.100946 
77 1 0.96689 0.958526 0 0.960043 0 
110 1 0.995015 0.983514 0.98501 0.98373 0.435275 
140 1 1.00785 0.991506 0.992773 0.991554 0.792127 
170 1 1.01078 0.995233 0.996147 0.995243 0.889251 
200 1 1.01266 0.997202 0.997839 0.997203 0.938226 
230 1 1.00698 0.998335 0.998771 0.998333 0.965843 
260 1 1.01237 0.999025 0.999348 0.999023 0.982468 
290 1 1.01553 0.999464 0.999721 0.999462 0.992958 
330 1 1.01126 0.999826 1.00004 0.999825 1.0015 
370 1 1.01384 1.00004 1.00019 1.00004 1.00649 
410 1 1.01339 1.00017 1.00031 1.00017 1.00946 
77 5 0.248388 0.745868 0 4.00336 0 
110 5 0.927701 0.913821 0.920753 4.59813 2.17638 
140 5 0.970615 0.957043 0.96309 4.79123 3.96064 
170 5 0.991503 0.976221 0.980484 4.88233 4.44626 
200 5 1.00083 0.986152 0.989186 4.93081 4.69113 
230 5 1.00356 0.991802 0.994003 4.95878 4.82921 
260 5 1.00549 0.995226 0.996887 4.97587 4.91234 
290 5 1.00885 0.997398 0.998692 4.98677 4.96479 
330 5 1.01387 0.999182 1.00015 4.99575 5.00749 
370 5 1.01499 1.00024 1.00101 5.00107 5.03243 
410 5 1.01129 1.00088 1.00153 5.0043 5.04731 
77 10 0.0554202 0.0483235 0 0.970733 0 
110 10 0.824519 0.814853 0.826617 8.41174 4.35275 
140 10 0.929873 0.912755 0.924354 9.17654 7.92127 
170 10 0.971923 0.952618 0.960878 9.53561 8.89251 
200 10 0.987962 0.972672 0.978523 9.72688 9.38226 
230 10 0.997019 0.983931 0.988174 9.83738 9.65843 
260 10 1.00104 0.990708 0.993911 9.90498 9.82468 
290 10 1.00658 0.994988 0.997494 9.94809 9.92958 
330 10 1.01258 0.998494 1.00041 9.98365 10.015 
370 10 1.01281 1.00056 1.0021 10.0047 10.0649 
410 10 1.01442 1.00181 1.00311 10.0175 10.0946 
77 20 0.108229 0.0963108 0 1.01871 0 
110 20 0.087946 0.538164 0.0988267 13.628 8.70551 
140 20 0.833282 0.819324 0.840475 16.7946 15.8425 
170 20 0.921879 0.906172 0.921192 18.1927 17.785 
200 20 0.965954 0.946933 0.957623 18.9367 18.7645 
230 20 0.98317 0.96921 0.977079 19.3676 19.3169 
260 20 0.997079 0.982445 0.988427 19.6318 19.6494 
290 20 1.00733 0.990743 0.995519 19.8005 19.8592 
330 20 1.01262 0.997505 1.00115 19.9398 20.03 
370 20 1.01229 1.00148 1.00444 20.0225 20.1297 
410 20 1.01747 1.00387 1.00638 20.0727 20.1892 
77 30 0.162083 0.143984 0 1.06888 0 
110 30 0.132145 0.135882 0.14581 12.0459 13.0583 
140 30 1.09466 0.717529 0.744854 22.9736 23.7638 
170 30 0.87921 0.861262 0.881371 26.0465 26.6775 
200 30 0.937257 0.92303 0.937594 27.6732 28.1468 
230 30 0.970319 0.955915 0.9668 28.6176 28.9753 
260 30 0.989631 0.975225 0.983656 29.1979 29.474 
290 30 1.00253 0.987256 0.994023 29.5693 29.7887 
330 30 1.01085 0.997016 1.0023 29.8762 30.0449 
370 30 1.01519 1.00273 1.00707 30.0586 30.1946 
410 30 1.02226 1.00616 1.00985 30.1691 30.2839 
