30 0.1 1.00876 0.996169 0.996336 0.0996181 0.00812754 
60 0.1 1.01347 0.999358 0 0.0999358 0 
90 0.1 1.01152 0.999826 0 0.0999826 0 
120 0.1 1.0115 0.999957 0.999982 0.0999957 0.100138 
150 0.1 1.01316 1 1.00003 0.1 0.101152 
180 0.1 1.0121 1.00002 1.00005 0.100002 0.101497 
210 0.1 1.01307 1.00003 1.00006 0.100003 0.101588 
240 0.1 1.01251 1.00003 1.00006 0.100003 0.101572 
270 0.1 1.01358 1.00003 1.00002 0.100003 0.101513 
300 0.1 1.01155 1.00003 1.00003 0.100003 0.101436 
330 0.1 1.01372 1.00003 1.00004 0.100003 0.101356 
30 1 0.971393 0.960652 0.961767 0.961978 0.0812754 
60 1 1.006 0.993579 0 0.993599 0 
90 1 1.01242 0.998271 0 0.998268 0 
120 1 1.01135 0.999575 1 0.999573 1.00138 
150 1 1.01182 1.00005 1.00036 1.00004 1.01152 
180 1 1.01305 1.00024 1.00045 1.00024 1.01497 
210 1 1.01137 1.00031 1.00052 1.00031 1.01588 
240 1 1.0151 1.00034 1.00052 1.00034 1.01572 
270 1 1.01461 1.00035 1.00047 1.00035 1.01513 
300 1 1.01194 1.00034 1.00048 1.00034 1.01436 
330 1 1.01434 1.00033 1.00045 1.00033 1.01356 
30 5 0.0335495 0.766502 0.0354508 4.05791 0.406377 
60 5 0.98314 0.96794 0 4.84211 0 
90 5 1.00554 0.991525 0 4.95727 0 
120 5 1.01329 0.997961 1.00011 4.98954 5.00688 
150 5 1.01186 1.00027 1.00186 5.00121 5.05761 
180 5 1.01251 1.0012 1.00245 5.00594 5.07487 
210 5 1.01392 1.00159 1.00261 5.00789 5.07939 
240 5 1.01556 1.00173 1.0026 5.00861 5.07861 
270 5 1.01548 1.00175 1.00251 5.00874 5.07567 
300 5 1.01377 1.00172 1.00239 5.0086 5.07181 
330 5 1.01381 1.00166 1.00226 5.00831 5.06781 
30 10 0.0677513 0.060024 0.070666 2.15539 0.812754 
60 10 0.955085 0.936042 0 9.37902 0 
90 10 0.998327 0.98349 0 9.83195 0 
120 10 1.01157 0.996139 1.00034 9.9593 10.0138 
150 10 1.01317 1.00065 1.00377 10.0054 10.1152 
180 10 1.01713 1.00247 1.00492 10.0241 10.1497 
210 10 1.01539 1.00321 1.00528 10.0318 10.1588 
240 10 1.01718 1.00347 1.00524 10.0346 10.1572 
270 10 1.0173 1.00351 1.00503 10.0351 10.1513 
300 10 1.0155 1.00345 1.00479 10.0345 10.1436 
330 10 1.0167 1.00333 1.00451 10.0333 10.1356 
30 20 0.129125 0.119114 0.140447 2.28818 1.62551 
60 20 0.897649 0.873235 0 17.6004 0 
90 20 0.989411 0.968785 0 19.3506 0 
120 20 1.01133 0.99314 1.00121 19.8461 20.0275 
150 20 1.01958 1.00173 1.00783 20.026 20.2304 
180 20 1.02196 1.00516 1.01005 20.0988 20.2995 
210 20 1.02325 1.00654 1.01062 20.1286 20.3176 
240 20 1.02482 1.00702 1.0105 20.1393 20.3145 
270 20 1.0235 1.00707 1.01013 20.141 20.3027 
300 20 1.01995 1.00692 1.00962 20.1384 20.2872 
330 20 1.02129 1.00668 1.00905 20.1336 20.2712 
30 30 0.197993 0.177387 0.209427 2.42807 2.43826 
60 30 0.834331 0.81305 0 24.7911 0 
90 30 0.976476 0.955968 0 28.5896 0 
120 30 1.01002 0.990982 1.00265 29.6736 30.0413 
150 30 1.02086 1.00323 1.01215 30.0683 30.3456 
180 30 1.027 1.00808 1.01529 30.2279 30.4492 
210 30 1.02766 1.01001 1.01605 30.2929 30.4763 
240 30 1.02469 1.01065 1.01581 30.3158 30.4717 
270 30 1.02703 1.01068 1.0152 30.3189 30.454 
300 30 1.02526 1.01043 1.01441 30.3125 30.4308 
330 30 1.02214 1.01005 1.0136 30.3016 30.4068 
