170 0.1 1.00975 0.997478 0.997222 0.0997484 0.00554197 
190 0.1 1.01129 0.998073 0.998018 0.0998076 0.0101279 
210 0.1 1.01076 0.998493 0.998547 0.0998495 0.0249418 
230 0.1 1.01093 0.9988 0.998877 0.0998802 0.044261 
250 0.1 1.01131 0.99903 0.999106 0.0999031 0.0646319 
270 0.1 1.01163 0.999206 0.999301 0.0999207 0.0790657 
290 0.1 1.01086 0.999343 0.999427 0.0999344 0.0831583 
310 0.1 1.01204 0.999452 0.999537 0.0999452 0.0862203 
330 0.1 1.0131 0.999539 0.999597 0.0999539 0.0885944 
350 0.1 1.01328 0.99961 0.999684 0.099961 0.0904765 
370 0.1 1.01197 0.999668 0.999729 0.0999668 0.0919924 
170 1 0.985103 0.974304 0.971415 0.974891 0.0554197 
190 1 0.993562 0.980466 0.979867 0.980799 0.101279 
210 1 0.997922 0.984785 0.985142 0.984982 0.249418 
230 1 1.00207 0.987917 0.988651 0.988037 0.44261 
250 1 1.00389 0.990251 0.991112 0.990327 0.646319 
270 1 1.0032 0.992031 0.992937 0.99208 0.790657 
290 1 1.0048 0.993415 0.994259 0.993446 0.831583 
310 1 1.00842 0.994508 0.995291 0.994529 0.862203 
330 1 1.00682 0.995384 0.996088 0.995398 0.885944 
350 1 1.01068 0.996095 0.996725 0.996104 0.904765 
370 1 1.00884 0.996678 0.997259 0.996683 0.919924 
170 5 0.861106 0.857587 0.0161677 4.37584 0.277099 
190 5 0.908929 0.895313 0.0152034 4.52339 0.506397 
210 5 0.93588 0.920132 0.920698 4.62737 1.24709 
230 5 0.953492 0.937442 0.940753 4.70317 2.21305 
250 5 0.967952 0.950015 0.954186 4.75995 3.2316 
270 5 0.975876 0.95943 0.963734 4.8034 3.95328 
290 5 0.980671 0.966652 0.970789 4.83729 4.15791 
310 5 0.986108 0.972302 0.976127 4.86414 4.31101 
330 5 0.991696 0.976795 0.980283 4.8857 4.42972 
350 5 0.994175 0.980419 0.983581 4.90322 4.52383 
370 5 0.998872 0.983376 0.986209 4.9176 4.59962 
170 10 0.0730763 0.632219 0.032306 7.46916 0.554197 
190 10 0.754706 0.762466 0.030369 8.09646 1.01279 
210 10 0.844695 0.827305 0.0291097 8.51849 2.49418 
230 10 0.888929 0.868208 0.873037 8.82185 4.4261 
250 10 0.917163 0.896386 0.9041 9.04775 6.46319 
270 10 0.937112 0.916816 0.925098 9.22026 7.90657 
290 10 0.950914 0.932153 0.940175 9.35463 8.31583 
310 10 0.96265 0.943971 0.95142 9.46104 8.62203 
330 10 0.970234 0.953265 0.960083 9.54649 8.85944 
350 10 0.977888 0.960698 0.96685 9.61594 9.04765 
370 10 0.983521 0.966725 0.97226 9.67299 9.19924 
170 20 0.075167 0.0577587 0.0644972 1.32039 1.10839 
190 20 0.0668574 0.0545135 0.0605879 3.3066 2.02559 
210 20 0.0655747 0.589108 0.0580082 13.9848 4.98836 
230 20 0.707698 0.689821 0.0567843 15.3125 8.85219 
250 20 0.801092 0.772104 0.782965 16.2377 12.9264 
270 20 0.851886 0.823255 0.838005 16.9272 15.8131 
290 20 0.888634 0.858868 0.873737 17.4592 16.6317 
310 20 0.911778 0.885105 0.899135 17.8787 17.2441 
330 20 0.928786 0.90514 0.917983 18.215 17.7189 
350 20 0.942846 0.920834 0.932449 18.4881 18.0953 
370 20 0.955527 0.93337 0.943836 18.7124 18.3985 
170 30 0.10334 0.0864761 0.0965759 1.35904 1.66259 
190 30 0.0977113 0.0815369 0.0906645 3.39784 3.03838 
210 30 0.0954925 0.0787327 0.0867094 6.92787 7.48253 
230 30 0.0930316 0.0782713 0.0847011 12.1333 13.2783 
250 30 0.129997 0.589765 0.0853218 21.5332 19.3896 
270 30 0.743481 0.711175 0.729084 23.1593 23.7197 
290 30 0.809704 0.777685 0.797937 24.3634 24.9475 
310 30 0.84912 0.822635 0.842078 25.3003 25.8661 
330 30 0.88457 0.855435 0.873369 26.0471 26.5783 
350 30 0.906993 0.880423 0.896718 26.6522 27.143 
370 30 0.925411 0.900013 0.914736 27.1487 27.5977 
